<?xml version="1.0" encoding="UTF-8"?>
<!-- Generated by org.testng.reporters.JUnitXMLReporter -->
<testsuite ignored="0" hostname="LAPTOP-6SLMM59S" failures="0" tests="4" name="brow" time="0.067" errors="0" timestamp="2023-02-28T15:28:24 IST">
  <testcase classname="TestNG_1.ClassName_2" name="Click_on_Login" time="0.01"/>
  <testcase classname="TestNG_1.ClassName_2" name="LaunchAUT" time="0.004"/>
  <testcase classname="TestNG_1.ClassName_2" name="Logout" time="0.003"/>
  <testcase classname="TestNG_1.ClassName_2" name="Senddata" time="0.003"/>
</testsuite> <!-- brow -->
